<?xml version="1.0" encoding="UTF-8"?>
<testng-results skipped="0" failed="0" ignored="0" total="1" passed="1">
  <reporter-output>
  </reporter-output>
  <suite name="Default suite" duration-ms="23094" started-at="2022-07-02T04:11:34Z" finished-at="2022-07-02T04:11:57Z">
    <groups>
    </groups>
    <test name="Default test" duration-ms="23094" started-at="2022-07-02T04:11:34Z" finished-at="2022-07-02T04:11:57Z">
      <class name="scripts.LoginLogoutFlowScripts">
        <test-method status="PASS" signature="a_Pageload()[pri:0, instance:scripts.LoginLogoutFlowScripts@14bf9759]" name="a_Pageload" duration-ms="23048" started-at="2022-07-02T04:11:34Z" finished-at="2022-07-02T04:11:57Z">
          <reporter-output>
          </reporter-output>
        </test-method> <!-- a_Pageload -->
      </class> <!-- scripts.LoginLogoutFlowScripts -->
    </test> <!-- Default test -->
  </suite> <!-- Default suite -->
</testng-results>
