<?xml version="1.0" encoding="UTF-8"?>
<testng-results skipped="0" failed="0" ignored="0" total="2" passed="2">
  <reporter-output>
  </reporter-output>
  <suite name="Default suite" duration-ms="36369" started-at="2022-03-30T05:42:44Z" finished-at="2022-03-30T05:43:20Z">
    <groups>
    </groups>
    <test name="Default test" duration-ms="36369" started-at="2022-03-30T05:42:44Z" finished-at="2022-03-30T05:43:20Z">
      <class name="TestNG.LinkTextDemo">
        <test-method status="PASS" signature="a_pageLoad()[pri:0, instance:TestNG.LinkTextDemo@3f49dace]" name="a_pageLoad" duration-ms="34151" started-at="2022-03-30T11:12:44Z" finished-at="2022-03-30T11:13:18Z">
          <reporter-output>
          </reporter-output>
        </test-method> <!-- a_pageLoad -->
        <test-method status="PASS" signature="b_demo()[pri:0, instance:TestNG.LinkTextDemo@3f49dace]" name="b_demo" duration-ms="2075" started-at="2022-03-30T11:13:18Z" finished-at="2022-03-30T11:13:20Z">
          <reporter-output>
          </reporter-output>
        </test-method> <!-- b_demo -->
      </class> <!-- TestNG.LinkTextDemo -->
    </test> <!-- Default test -->
  </suite> <!-- Default suite -->
</testng-results>
