<?xml version="1.0" encoding="UTF-8"?>
<!-- Generated by org.testng.reporters.JUnitXMLReporter -->
<testsuite hostname="DESKTOP-P4MT87I" ignored="0" name="Grouping_Concept" tests="4" failures="0" timestamp="30 Mar 2022 04:40:09 GMT" time="0.083" errors="0">
  <testcase name="F1" time="0.026" classname="TestNG.Grouping"/>
  <testcase name="F2" time="0.003" classname="TestNG.Grouping"/>
  <testcase name="F3" time="0.002" classname="TestNG.Grouping"/>
  <testcase name="F4" time="0.002" classname="TestNG.Grouping"/>
</testsuite> <!-- Grouping_Concept -->
