<?xml version="1.0" encoding="UTF-8"?>
<!-- Generated by org.testng.reporters.JUnitXMLReporter -->
<testsuite hostname="DESKTOP-P4MT87I" ignored="0" name="JPetstore_User_Registeration" tests="4" failures="0" timestamp="30 Mar 2022 02:56:02 GMT" time="30.329" errors="0">
  <testcase name="a_pageLoad" time="25.178" classname="TestNG.AssignmentPetstoreAlphabatical"/>
  <testcase name="b_userInfo" time="1.754" classname="TestNG.AssignmentPetstoreAlphabatical"/>
  <testcase name="c_accountInfo" time="1.567" classname="TestNG.AssignmentPetstoreAlphabatical"/>
  <testcase name="d_prifileInfo" time="1.759" classname="TestNG.AssignmentPetstoreAlphabatical"/>
</testsuite> <!-- JPetstore_User_Registeration -->
