<?xml version="1.0" encoding="UTF-8"?>
<!-- Generated by org.testng.reporters.JUnitXMLReporter -->
<testsuite hostname="DESKTOP-P4MT87I" ignored="0" name="PetStore_User_Registration" tests="4" failures="0" timestamp="30 Mar 2022 03:52:51 GMT" time="19.488" errors="0">
  <testcase name="pageLoad" time="15.126" classname="TestNG.PetStore"/>
  <testcase name="UserInfo" time="0.665" classname="TestNG.PetStore"/>
  <testcase name="AccountInfo" time="1.179" classname="TestNG.PetStore"/>
  <testcase name="ProfileInfo" time="2.472" classname="TestNG.PetStore"/>
</testsuite> <!-- PetStore_User_Registration -->
