<?xml version="1.0" encoding="UTF-8"?>
<!-- Generated by org.testng.reporters.JUnitXMLReporter -->
<testsuite hostname="DESKTOP-P4MT87I" ignored="0" name="SwagLabs_Login_Logout" tests="3" failures="0" timestamp="30 Mar 2022 03:53:16 GMT" time="24.36" errors="0">
  <testcase name="a_pageLoad" time="13.707" classname="TestNG.SwagLabs"/>
  <testcase name="b_logIn" time="5.485" classname="TestNG.SwagLabs"/>
  <testcase name="c_logOut" time="5.157" classname="TestNG.SwagLabs"/>
</testsuite> <!-- SwagLabs_Login_Logout -->
